<?xml version="1.0" encoding="UTF-8" ?>
<testsuites>
 <testsuite name="home page tests" timestamp="2017-05-19T14:43:40" hostname="localhost" time="4.402" errors="0" tests="1" skipped="0" disabled="0" failures="1">
  <testcase classname="home page tests" name="should be true" time="4.4">
   <failure type="toBe" message="Expected true to be false."><![CDATA[Error: Expected true to be false.
  at stack (/home/ubuntu/workspace/node_modules/jasmine-core/lib/jasmine-core/jasmine.js:2155:17)
  at buildExpectationResult (/home/ubuntu/workspace/node_modules/jasmine-core/lib/jasmine-core/jasmine.js:2125:14)
  at Spec.Env.expectationResultFactory (/home/ubuntu/workspace/node_modules/jasmine-core/lib/jasmine-core/jasmine.js:766:18)
  at Spec.addExpectationResult (/home/ubuntu/workspace/node_modules/jasmine-core/lib/jasmine-core/jasmine.js:444:34)
  at Expectation.addExpectationResult (/home/ubuntu/workspace/node_modules/jasmine-core/lib/jasmine-core/jasmine.js:710:21)
  at Expectation.toBe (/home/ubuntu/workspace/node_modules/jasmine-core/lib/jasmine-core/jasmine.js:2078:12)
  at Object.<anonymous> (/home/ubuntu/workspace/tests/js/integration/homeTests.js:15:22)
  at attemptSync (/home/ubuntu/workspace/node_modules/jasmine-core/lib/jasmine-core/jasmine.js:3877:24)
  at QueueRunner.run (/home/ubuntu/workspace/node_modules/jasmine-core/lib/jasmine-core/jasmine.js:3866:9)
  at /home/ubuntu/workspace/node_modules/jasmine-core/lib/jasmine-core/jasmine.js:3894:16
  at /home/ubuntu/workspace/node_modules/jasmine-core/lib/jasmine-core/jasmine.js:3827:9
  at done (/home/ubuntu/workspace/node_modules/zombie/lib/eventloop.js:589:11)
  at timeout (/home/ubuntu/workspace/node_modules/zombie/lib/eventloop.js:601:113)
  at EventLoop.ontick (/home/ubuntu/workspace/node_modules/zombie/lib/eventloop.js:565:11)
  at emitOne (events.js:77:13)
  at EventLoop.emit (events.js:169:7)
  at Immediate._onImmediate (/home/ubuntu/workspace/node_modules/zombie/lib/eventloop.js:688:40)
  at processImmediate [as _immediateCallback] (timers.js:396:17)]]>
   </failure>
  </testcase>
 </testsuite>
</testsuites>